<?xml version="1.0" encoding="UTF-8"?>
<!-- Generated by org.testng.reporters.JUnitXMLReporter -->
<testsuite ignored="0" hostname="TAPAN-PC" failures="0" tests="4" name="Default test" time="113.162" errors="0" timestamp="2022-01-05T21:15:11 EST">
  <testcase classname="tests.LoginTest" name="loginWithWrongEmailPasswordTest" time="11.993"/>
  <testcase classname="tests.LoginTest" name="loginWithEmptyEmailTest" time="5.471"/>
  <testcase classname="tests.LoginTest" name="loginWithEmptyPasswordTest" time="2.775"/>
  <testcase classname="tests.LoginTest" name="loginWithinvalidEmailTest" time="2.755"/>
</testsuite> <!-- Default test -->
