<?xml version="1.0" encoding="UTF-8"?>
<!-- Generated by org.testng.reporters.JUnitXMLReporter -->
<testsuite ignored="0" hostname="TAPAN-PC" failures="0" tests="4" name="Default test" time="51.371" errors="0" timestamp="2022-01-05T18:31:52 EST">
  <testcase classname="tests.LoginTest" name="loginWithWrongEmailPasswordTest" time="2.893"/>
  <testcase classname="tests.LoginTest" name="loginWithEmptyEmailTest" time="2.673"/>
  <testcase classname="tests.LoginTest" name="loginWithEmptyPasswordTest" time="2.769"/>
  <testcase classname="tests.LoginTest" name="loginWithinvalidEmailTest" time="2.95"/>
</testsuite> <!-- Default test -->
