<?xml version="1.0" encoding="UTF-8"?>
<!-- Generated by org.testng.reporters.JUnitXMLReporter -->
<testsuite ignored="0" hostname="TAPAN-PC" failures="0" tests="4" name="Test" time="56.22" errors="0" timestamp="06 Jan. 2022 01:34:55 GMT">
  <testcase classname="tests.LoginTest" name="loginWithWrongEmailPasswordTest" time="3.116"/>
  <testcase classname="tests.LoginTest" name="loginWithEmptyEmailTest" time="2.689"/>
  <testcase classname="tests.LoginTest" name="loginWithEmptyPasswordTest" time="2.817"/>
  <testcase classname="tests.LoginTest" name="loginWithinvalidEmailTest" time="2.942"/>
</testsuite> <!-- Test -->
