<?xml version="1.0" encoding="UTF-8"?>
<!-- Generated by org.testng.reporters.JUnitXMLReporter -->
<testsuite ignored="0" hostname="TAPAN-PC" failures="1" tests="4" name="Test" time="52.238" errors="0" timestamp="06 Jan. 2022 04:53:29 GMT">
  <testcase classname="tests.LoginTest" name="loginWithWrongEmailPasswordTest" time="3.032"/>
  <testcase classname="tests.LoginTest" name="loginWithEmptyEmailTest" time="2.692"/>
  <testcase classname="tests.LoginTest" name="loginWithEmptyPasswordTest" time="2.702"/>
  <testcase classname="tests.LoginTest" name="loginWithinvalidEmailTest" time="2.865">
    <failure type="java.lang.AssertionError" message="expected [Please enter a username or card number without special character.] but found [Please enter a username or card number without special characters.]">
      <![CDATA[java.lang.AssertionError: expected [Please enter a username or card number without special character.] but found [Please enter a username or card number without special characters.]
at tests.LoginTest.loginWithinvalidEmailTest(LoginTest.java:79)
... Removed 30 stack frames]]>
    </failure>
  </testcase> <!-- loginWithinvalidEmailTest -->
</testsuite> <!-- Test -->
