<?xml version="1.0" encoding="UTF-8"?>
<testng-results ignored="0" total="4" passed="4" failed="0" skipped="0">
  <reporter-output>
  </reporter-output>
  <suite started-at="2022-01-02T01:25:12Z" name="Suite" finished-at="2022-01-02T01:27:13Z" duration-ms="120852">
    <groups>
    </groups>
    <test started-at="2022-01-02T01:25:12Z" name="Test" finished-at="2022-01-02T01:27:13Z" duration-ms="120852">
      <class name="tests.LoginTest">
        <test-method is-config="true" signature="beforeMethod()[pri:0, instance:tests.LoginTest@5e17553a]" started-at="2022-01-02T01:25:12Z" name="beforeMethod" finished-at="2022-01-02T01:26:19Z" duration-ms="66569" status="PASS">
          <reporter-output>
          </reporter-output>
        </test-method> <!-- beforeMethod -->
        <test-method signature="loginWithWrongEmailPasswordTest()[pri:1, instance:tests.LoginTest@5e17553a]" started-at="2022-01-02T01:26:19Z" name="loginWithWrongEmailPasswordTest" finished-at="2022-01-02T01:26:25Z" duration-ms="5950" status="PASS">
          <reporter-output>
          </reporter-output>
        </test-method> <!-- loginWithWrongEmailPasswordTest -->
        <test-method is-config="true" signature="afterMethod()[pri:0, instance:tests.LoginTest@5e17553a]" started-at="2022-01-02T01:26:25Z" name="afterMethod" finished-at="2022-01-02T01:26:27Z" duration-ms="2291" status="PASS">
          <reporter-output>
          </reporter-output>
        </test-method> <!-- afterMethod -->
        <test-method is-config="true" signature="beforeMethod()[pri:0, instance:tests.LoginTest@5e17553a]" started-at="2022-01-02T01:26:27Z" name="beforeMethod" finished-at="2022-01-02T01:26:42Z" duration-ms="15117" status="PASS">
          <reporter-output>
          </reporter-output>
        </test-method> <!-- beforeMethod -->
        <test-method signature="loginWithEmptyEmailTest()[pri:2, instance:tests.LoginTest@5e17553a]" started-at="2022-01-02T01:26:42Z" name="loginWithEmptyEmailTest" finished-at="2022-01-02T01:26:46Z" duration-ms="3826" status="PASS">
          <reporter-output>
          </reporter-output>
        </test-method> <!-- loginWithEmptyEmailTest -->
        <test-method is-config="true" signature="afterMethod()[pri:0, instance:tests.LoginTest@5e17553a]" started-at="2022-01-02T01:26:46Z" name="afterMethod" finished-at="2022-01-02T01:26:47Z" duration-ms="1418" status="PASS">
          <reporter-output>
          </reporter-output>
        </test-method> <!-- afterMethod -->
        <test-method is-config="true" signature="beforeMethod()[pri:0, instance:tests.LoginTest@5e17553a]" started-at="2022-01-02T01:26:47Z" name="beforeMethod" finished-at="2022-01-02T01:26:56Z" duration-ms="8752" status="PASS">
          <reporter-output>
          </reporter-output>
        </test-method> <!-- beforeMethod -->
        <test-method signature="loginWithEmptyPasswordTest()[pri:3, instance:tests.LoginTest@5e17553a]" started-at="2022-01-02T01:26:56Z" name="loginWithEmptyPasswordTest" finished-at="2022-01-02T01:26:59Z" duration-ms="2790" status="PASS">
          <reporter-output>
          </reporter-output>
        </test-method> <!-- loginWithEmptyPasswordTest -->
        <test-method is-config="true" signature="afterMethod()[pri:0, instance:tests.LoginTest@5e17553a]" started-at="2022-01-02T01:26:59Z" name="afterMethod" finished-at="2022-01-02T01:27:01Z" duration-ms="1534" status="PASS">
          <reporter-output>
          </reporter-output>
        </test-method> <!-- afterMethod -->
        <test-method is-config="true" signature="beforeMethod()[pri:0, instance:tests.LoginTest@5e17553a]" started-at="2022-01-02T01:27:01Z" name="beforeMethod" finished-at="2022-01-02T01:27:09Z" duration-ms="8520" status="PASS">
          <reporter-output>
          </reporter-output>
        </test-method> <!-- beforeMethod -->
        <test-method signature="loginWithinvalidEmailTest()[pri:4, instance:tests.LoginTest@5e17553a]" started-at="2022-01-02T01:27:09Z" name="loginWithinvalidEmailTest" finished-at="2022-01-02T01:27:12Z" duration-ms="2733" status="PASS">
          <reporter-output>
          </reporter-output>
        </test-method> <!-- loginWithinvalidEmailTest -->
        <test-method is-config="true" signature="afterMethod()[pri:0, instance:tests.LoginTest@5e17553a]" started-at="2022-01-02T01:27:12Z" name="afterMethod" finished-at="2022-01-02T01:27:13Z" duration-ms="1329" status="PASS">
          <reporter-output>
          </reporter-output>
        </test-method> <!-- afterMethod -->
      </class> <!-- tests.LoginTest -->
    </test> <!-- Test -->
  </suite> <!-- Suite -->
</testng-results>
